c:\users\aloneh\desktop\mfcapplication\mfcapplication\debug\mfcapplication.pch
c:\users\aloneh\desktop\mfcapplication\mfcapplication\debug\vc120.pdb
c:\users\aloneh\desktop\mfcapplication\mfcapplication\debug\vc120.idb
c:\users\aloneh\desktop\mfcapplication\mfcapplication\debug\stdafx.obj
c:\users\aloneh\desktop\mfcapplication\mfcapplication\debug\mfcapplication.obj
c:\users\aloneh\desktop\mfcapplication\mfcapplication\debug\preview.obj
c:\users\aloneh\desktop\mfcapplication\mfcapplication\debug\staticinfo.obj
c:\users\aloneh\desktop\mfcapplication\mfcapplication\debug\updateinfo.obj
c:\users\aloneh\desktop\mfcapplication\mfcapplication\debug\updatepass.obj
c:\users\aloneh\desktop\mfcapplication\mfcapplication\debug\user.obj
c:\users\aloneh\desktop\mfcapplication\mfcapplication\debug\userlogin.obj
c:\users\aloneh\desktop\mfcapplication\mfcapplication\debug\userregister.obj
c:\users\aloneh\desktop\mfcapplication\mfcapplication\debug\mfcapplicationdlg.obj
c:\users\aloneh\desktop\mfcapplication\mfcapplication\debug\mfcapplication.res
c:\users\aloneh\desktop\mfcapplication\mfcapplication\debug\msado15.tli
c:\users\aloneh\desktop\mfcapplication\mfcapplication\debug\msado15.tlh
c:\users\aloneh\desktop\mfcapplication\debug\mfcapplication.pdb
c:\users\aloneh\desktop\mfcapplication\mfcapplication\debug\mfcapplication.tlog\cl.command.1.tlog
c:\users\aloneh\desktop\mfcapplication\mfcapplication\debug\mfcapplication.tlog\cl.read.1.tlog
c:\users\aloneh\desktop\mfcapplication\mfcapplication\debug\mfcapplication.tlog\cl.write.1.tlog
c:\users\aloneh\desktop\mfcapplication\mfcapplication\debug\mfcapplication.tlog\link-cvtres.read.1.tlog
c:\users\aloneh\desktop\mfcapplication\mfcapplication\debug\mfcapplication.tlog\link-cvtres.write.1.tlog
c:\users\aloneh\desktop\mfcapplication\mfcapplication\debug\mfcapplication.tlog\link-mt.read.1.tlog
c:\users\aloneh\desktop\mfcapplication\mfcapplication\debug\mfcapplication.tlog\link-mt.write.1.tlog
c:\users\aloneh\desktop\mfcapplication\mfcapplication\debug\mfcapplication.tlog\link-rc.read.1.tlog
c:\users\aloneh\desktop\mfcapplication\mfcapplication\debug\mfcapplication.tlog\link-rc.write.1.tlog
c:\users\aloneh\desktop\mfcapplication\mfcapplication\debug\mfcapplication.tlog\link.13024-cvtres.read.1.tlog
c:\users\aloneh\desktop\mfcapplication\mfcapplication\debug\mfcapplication.tlog\link.13024-cvtres.write.1.tlog
c:\users\aloneh\desktop\mfcapplication\mfcapplication\debug\mfcapplication.tlog\link.13024-mt.read.1.tlog
c:\users\aloneh\desktop\mfcapplication\mfcapplication\debug\mfcapplication.tlog\link.13024-mt.write.1.tlog
c:\users\aloneh\desktop\mfcapplication\mfcapplication\debug\mfcapplication.tlog\link.13024-rc.read.1.tlog
c:\users\aloneh\desktop\mfcapplication\mfcapplication\debug\mfcapplication.tlog\link.13024-rc.write.1.tlog
c:\users\aloneh\desktop\mfcapplication\mfcapplication\debug\mfcapplication.tlog\link.13024.read.1.tlog
c:\users\aloneh\desktop\mfcapplication\mfcapplication\debug\mfcapplication.tlog\link.13024.write.1.tlog
c:\users\aloneh\desktop\mfcapplication\mfcapplication\debug\mfcapplication.tlog\link.command.1.tlog
c:\users\aloneh\desktop\mfcapplication\mfcapplication\debug\mfcapplication.tlog\link.read.1.tlog
c:\users\aloneh\desktop\mfcapplication\mfcapplication\debug\mfcapplication.tlog\link.write.1.tlog
c:\users\aloneh\desktop\mfcapplication\mfcapplication\debug\mfcapplication.tlog\rc.command.1.tlog
c:\users\aloneh\desktop\mfcapplication\mfcapplication\debug\mfcapplication.tlog\rc.read.1.tlog
c:\users\aloneh\desktop\mfcapplication\mfcapplication\debug\mfcapplication.tlog\rc.write.1.tlog
